# JRE version: OpenJDK Runtime Environment (8.0_152-b01) (build 1.8.0_152-release-1343-b01)
# Java VM: OpenJDK 64-Bit Server VM (25.152-b01 mixed mode windows-amd64 compressed oops)
Heap:
 PSYoungGen      total 119296K, used 10749K [0x00000000f5580000, 0x00000000ffa80000, 0x0000000100000000)
  eden space 71680K, 0% used [0x00000000f5580000,0x00000000f5580000,0x00000000f9b80000)
  from space 47616K, 22% used [0x00000000fcc00000,0x00000000fd67f6e8,0x00000000ffa80000)
  to   space 48640K, 0% used [0x00000000f9b80000,0x00000000f9b80000,0x00000000fcb00000)
 ParOldGen       total 349696K, used 324647K [0x00000000e0000000, 0x00000000f5580000, 0x00000000f5580000)
  object space 349696K, 92% used [0x00000000e0000000,0x00000000f3d09c78,0x00000000f5580000)
 Metaspace       used 78210K, capacity 79956K, committed 80280K, reserved 1120256K
  class space    used 9101K, capacity 9529K, committed 9648K, reserved 1048576K
GC Heap History (10 events):
Event: 41.083 GC heap after
Heap after GC invocations=55 (full 5):
 PSYoungGen      total 117760K, used 32K [0x00000000f5580000, 0x0000000100000000, 0x0000000100000000)
  eden space 60416K, 0% used [0x00000000f5580000,0x00000000f5580000,0x00000000f9080000)
  from space 57344K, 0% used [0x00000000fc700000,0x00000000fc708000,0x00000000fff00000)
  to   space 55808K, 0% used [0x00000000f9080000,0x00000000f9080000,0x00000000fc700000)
 ParOldGen       total 349696K, used 280363K [0x00000000e0000000, 0x00000000f5580000, 0x00000000f5580000)
  object space 349696K, 80% used [0x00000000e0000000,0x00000000f11cae00,0x00000000f5580000)
 Metaspace       used 78201K, capacity 79956K, committed 80280K, reserved 1120256K
  class space    used 9100K, capacity 9529K, committed 9648K, reserved 1048576K
}
Event: 41.207 GC heap before
{Heap before GC invocations=56 (full 5):
 PSYoungGen      total 117760K, used 60448K [0x00000000f5580000, 0x0000000100000000, 0x0000000100000000)
  eden space 60416K, 100% used [0x00000000f5580000,0x00000000f9080000,0x00000000f9080000)
  from space 57344K, 0% used [0x00000000fc700000,0x00000000fc708000,0x00000000fff00000)
  to   space 55808K, 0% used [0x00000000f9080000,0x00000000f9080000,0x00000000fc700000)
 ParOldGen       total 349696K, used 280363K [0x00000000e0000000, 0x00000000f5580000, 0x00000000f5580000)
  object space 349696K, 80% used [0x00000000e0000000,0x00000000f11cae00,0x00000000f5580000)
 Metaspace       used 78206K, capacity 79956K, committed 80280K, reserved 1120256K
  class space    used 9101K, capacity 9529K, committed 9648K, reserved 1048576K
Event: 41.227 GC heap after
Heap after GC invocations=56 (full 5):
 PSYoungGen      total 62976K, used 2496K [0x00000000f5580000, 0x00000000ffa80000, 0x0000000100000000)
  eden space 60416K, 0% used [0x00000000f5580000,0x00000000f5580000,0x00000000f9080000)
  from space 2560K, 97% used [0x00000000f9080000,0x00000000f92f0010,0x00000000f9300000)
  to   space 53760K, 0% used [0x00000000fc600000,0x00000000fc600000,0x00000000ffa80000)
 ParOldGen       total 349696K, used 280363K [0x00000000e0000000, 0x00000000f5580000, 0x00000000f5580000)
  object space 349696K, 80% used [0x00000000e0000000,0x00000000f11cae00,0x00000000f5580000)
 Metaspace       used 78206K, capacity 79956K, committed 80280K, reserved 1120256K
  class space    used 9101K, capacity 9529K, committed 9648K, reserved 1048576K
}
Event: 41.370 GC heap before
{Heap before GC invocations=57 (full 5):
 PSYoungGen      total 62976K, used 62912K [0x00000000f5580000, 0x00000000ffa80000, 0x0000000100000000)
  eden space 60416K, 100% used [0x00000000f5580000,0x00000000f9080000,0x00000000f9080000)
  from space 2560K, 97% used [0x00000000f9080000,0x00000000f92f0010,0x00000000f9300000)
  to   space 53760K, 0% used [0x00000000fc600000,0x00000000fc600000,0x00000000ffa80000)
 ParOldGen       total 349696K, used 280363K [0x00000000e0000000, 0x00000000f5580000, 0x00000000f5580000)
  object space 349696K, 80% used [0x00000000e0000000,0x00000000f11cae00,0x00000000f5580000)
 Metaspace       used 78206K, capacity 79956K, committed 80280K, reserved 1120256K
  class space    used 9101K, capacity 9529K, committed 9648K, reserved 1048576K
Event: 41.387 GC heap after
Heap after GC invocations=57 (full 5):
 PSYoungGen      total 117760K, used 16985K [0x00000000f5580000, 0x00000000ffe80000, 0x0000000100000000)
  eden space 64000K, 0% used [0x00000000f5580000,0x00000000f5580000,0x00000000f9400000)
  from space 53760K, 31% used [0x00000000fc600000,0x00000000fd6964c8,0x00000000ffa80000)
  to   space 51200K, 0% used [0x00000000f9400000,0x00000000f9400000,0x00000000fc600000)
 ParOldGen       total 349696K, used 282603K [0x00000000e0000000, 0x00000000f5580000, 0x00000000f5580000)
  object space 349696K, 80% used [0x00000000e0000000,0x00000000f13fae10,0x00000000f5580000)
 Metaspace       used 78206K, capacity 79956K, committed 80280K, reserved 1120256K
  class space    used 9101K, capacity 9529K, committed 9648K, reserved 1048576K
}
Event: 41.533 GC heap before
{Heap before GC invocations=58 (full 5):
 PSYoungGen      total 117760K, used 80985K [0x00000000f5580000, 0x00000000ffe80000, 0x0000000100000000)
  eden space 64000K, 100% used [0x00000000f5580000,0x00000000f9400000,0x00000000f9400000)
  from space 53760K, 31% used [0x00000000fc600000,0x00000000fd6964c8,0x00000000ffa80000)
  to   space 51200K, 0% used [0x00000000f9400000,0x00000000f9400000,0x00000000fc600000)
 ParOldGen       total 349696K, used 282603K [0x00000000e0000000, 0x00000000f5580000, 0x00000000f5580000)
  object space 349696K, 80% used [0x00000000e0000000,0x00000000f13fae10,0x00000000f5580000)
 Metaspace       used 78206K, capacity 79956K, committed 80280K, reserved 1120256K
  class space    used 9101K, capacity 9529K, committed 9648K, reserved 1048576K
Event: 41.566 GC heap after
Heap after GC invocations=58 (full 5):
 PSYoungGen      total 115200K, used 25112K [0x00000000f5580000, 0x00000000ffe80000, 0x0000000100000000)
  eden space 64000K, 0% used [0x00000000f5580000,0x00000000f5580000,0x00000000f9400000)
  from space 51200K, 49% used [0x00000000f9400000,0x00000000fac861b0,0x00000000fc600000)
  to   space 51712K, 0% used [0x00000000fcc00000,0x00000000fcc00000,0x00000000ffe80000)
 ParOldGen       total 349696K, used 299554K [0x00000000e0000000, 0x00000000f5580000, 0x00000000f5580000)
  object space 349696K, 85% used [0x00000000e0000000,0x00000000f2488810,0x00000000f5580000)
 Metaspace       used 78206K, capacity 79956K, committed 80280K, reserved 1120256K
  class space    used 9101K, capacity 9529K, committed 9648K, reserved 1048576K
}
Event: 41.751 GC heap before
{Heap before GC invocations=59 (full 5):
 PSYoungGen      total 115200K, used 89112K [0x00000000f5580000, 0x00000000ffe80000, 0x0000000100000000)
  eden space 64000K, 100% used [0x00000000f5580000,0x00000000f9400000,0x00000000f9400000)
  from space 51200K, 49% used [0x00000000f9400000,0x00000000fac861b0,0x00000000fc600000)
  to   space 51712K, 0% used [0x00000000fcc00000,0x00000000fcc00000,0x00000000ffe80000)
 ParOldGen       total 349696K, used 299554K [0x00000000e0000000, 0x00000000f5580000, 0x00000000f5580000)
  object space 349696K, 85% used [0x00000000e0000000,0x00000000f2488810,0x00000000f5580000)
 Metaspace       used 78210K, capacity 79956K, committed 80280K, reserved 1120256K
  class space    used 9101K, capacity 9529K, committed 9648K, reserved 1048576K
Event: 41.789 GC heap after
Heap after GC invocations=59 (full 5):
 PSYoungGen      total 119296K, used 10749K [0x00000000f5580000, 0x00000000ffa80000, 0x0000000100000000)
  eden space 71680K, 0% used [0x00000000f5580000,0x00000000f5580000,0x00000000f9b80000)
  from space 47616K, 22% used [0x00000000fcc00000,0x00000000fd67f6e8,0x00000000ffa80000)
  to   space 48640K, 0% used [0x00000000f9b80000,0x00000000f9b80000,0x00000000fcb00000)
 ParOldGen       total 349696K, used 324647K [0x00000000e0000000, 0x00000000f5580000, 0x00000000f5580000)
  object space 349696K, 92% used [0x00000000e0000000,0x00000000f3d09c78,0x00000000f5580000)
 Metaspace       used 78210K, capacity 79956K, committed 80280K, reserved 1120256K
  class space    used 9101K, capacity 9529K, committed 9648K, reserved 1048576K
}
Event: 41.789 GC heap before
{Heap before GC invocations=60 (full 6):
 PSYoungGen      total 119296K, used 10749K [0x00000000f5580000, 0x00000000ffa80000, 0x0000000100000000)
  eden space 71680K, 0% used [0x00000000f5580000,0x00000000f5580000,0x00000000f9b80000)
  from space 47616K, 22% used [0x00000000fcc00000,0x00000000fd67f6e8,0x00000000ffa80000)
  to   space 48640K, 0% used [0x00000000f9b80000,0x00000000f9b80000,0x00000000fcb00000)
 ParOldGen       total 349696K, used 324647K [0x00000000e0000000, 0x00000000f5580000, 0x00000000f5580000)
  object space 349696K, 92% used [0x00000000e0000000,0x00000000f3d09c78,0x00000000f5580000)
 Metaspace       used 78210K, capacity 79956K, committed 80280K, reserved 1120256K
  class space    used 9101K, capacity 9529K, committed 9648K, reserved 1048576K

