# JRE version: Java(TM) SE Runtime Environment (8.0_251-b08) (build 1.8.0_251-b08)
# Java VM: Java HotSpot(TM) 64-Bit Server VM (25.251-b08 mixed mode windows-amd64 compressed oops)
Heap:
 PSYoungGen      total 2336256K, used 1940319K [0x0000000716400000, 0x00000007c0000000, 0x00000007c0000000)
  eden space 1883136K, 91% used [0x0000000716400000,0x000000077ffc82a0,0x0000000789300000)
  from space 453120K, 45% used [0x00000007a4580000,0x00000007b108f9f8,0x00000007c0000000)
  to   space 444928K, 0% used [0x0000000789300000,0x0000000789300000,0x00000007a4580000)
 ParOldGen       total 5562368K, used 3420971K [0x00000005c2c00000, 0x0000000716400000, 0x0000000716400000)
  object space 5562368K, 61% used [0x00000005c2c00000,0x00000006938cac38,0x0000000716400000)
 Metaspace       used 70591K, capacity 72320K, committed 72496K, reserved 1114112K
  class space    used 7701K, capacity 8119K, committed 8240K, reserved 1048576K
GC Heap History (10 events):
Event: 9976.289 GC heap before
{Heap before GC invocations=4373 (full 129):
 PSYoungGen      total 1871360K, used 1871136K [0x0000000716400000, 0x00000007be500000, 0x00000007c0000000)
  eden space 1870848K, 100% used [0x0000000716400000,0x0000000788700000,0x0000000788700000)
  from space 512K, 56% used [0x0000000788700000,0x0000000788748000,0x0000000788780000)
  to   space 437248K, 0% used [0x00000007a3a00000,0x00000007a3a00000,0x00000007be500000)
 ParOldGen       total 5562368K, used 2705882K [0x00000005c2c00000, 0x0000000716400000, 0x0000000716400000)
  object space 5562368K, 48% used [0x00000005c2c00000,0x0000000667e76ac8,0x0000000716400000)
 Metaspace       used 70588K, capacity 72320K, committed 72496K, reserved 1114112K
  class space    used 7700K, capacity 8119K, committed 8240K, reserved 1048576K
Event: 9976.315 GC heap after
Heap after GC invocations=4373 (full 129):
 PSYoungGen      total 2344448K, used 88737K [0x0000000716400000, 0x00000007c0000000, 0x00000007c0000000)
  eden space 1907200K, 0% used [0x0000000716400000,0x0000000716400000,0x000000078aa80000)
  from space 437248K, 20% used [0x00000007a3a00000,0x00000007a90a8678,0x00000007be500000)
  to   space 409088K, 0% used [0x000000078aa80000,0x000000078aa80000,0x00000007a3a00000)
 ParOldGen       total 5562368K, used 2705890K [0x00000005c2c00000, 0x0000000716400000, 0x0000000716400000)
  object space 5562368K, 48% used [0x00000005c2c00000,0x0000000667e78ac8,0x0000000716400000)
 Metaspace       used 70588K, capacity 72320K, committed 72496K, reserved 1114112K
  class space    used 7700K, capacity 8119K, committed 8240K, reserved 1048576K
}
Event: 9979.549 GC heap before
{Heap before GC invocations=4374 (full 129):
 PSYoungGen      total 2344448K, used 1995937K [0x0000000716400000, 0x00000007c0000000, 0x00000007c0000000)
  eden space 1907200K, 100% used [0x0000000716400000,0x000000078aa80000,0x000000078aa80000)
  from space 437248K, 20% used [0x00000007a3a00000,0x00000007a90a8678,0x00000007be500000)
  to   space 409088K, 0% used [0x000000078aa80000,0x000000078aa80000,0x00000007a3a00000)
 ParOldGen       total 5562368K, used 2705890K [0x00000005c2c00000, 0x0000000716400000, 0x0000000716400000)
  object space 5562368K, 48% used [0x00000005c2c00000,0x0000000667e78ac8,0x0000000716400000)
 Metaspace       used 70588K, capacity 72320K, committed 72496K, reserved 1114112K
  class space    used 7700K, capacity 8119K, committed 8240K, reserved 1048576K
Event: 9979.628 GC heap after
Heap after GC invocations=4374 (full 129):
 PSYoungGen      total 2316288K, used 254048K [0x0000000716400000, 0x00000007c0000000, 0x00000007c0000000)
  eden space 1907200K, 0% used [0x0000000716400000,0x0000000716400000,0x000000078aa80000)
  from space 409088K, 62% used [0x000000078aa80000,0x000000079a298180,0x00000007a3a00000)
  to   space 432128K, 0% used [0x00000007a5a00000,0x00000007a5a00000,0x00000007c0000000)
 ParOldGen       total 5562368K, used 2786151K [0x00000005c2c00000, 0x0000000716400000, 0x0000000716400000)
  object space 5562368K, 50% used [0x00000005c2c00000,0x000000066ccd9db0,0x0000000716400000)
 Metaspace       used 70588K, capacity 72320K, committed 72496K, reserved 1114112K
  class space    used 7700K, capacity 8119K, committed 8240K, reserved 1048576K
}
Event: 9983.746 GC heap before
{Heap before GC invocations=4375 (full 129):
 PSYoungGen      total 2316288K, used 2161248K [0x0000000716400000, 0x00000007c0000000, 0x00000007c0000000)
  eden space 1907200K, 100% used [0x0000000716400000,0x000000078aa80000,0x000000078aa80000)
  from space 409088K, 62% used [0x000000078aa80000,0x000000079a298180,0x00000007a3a00000)
  to   space 432128K, 0% used [0x00000007a5a00000,0x00000007a5a00000,0x00000007c0000000)
 ParOldGen       total 5562368K, used 2786151K [0x00000005c2c00000, 0x0000000716400000, 0x0000000716400000)
  object space 5562368K, 50% used [0x00000005c2c00000,0x000000066ccd9db0,0x0000000716400000)
 Metaspace       used 70588K, capacity 72320K, committed 72496K, reserved 1114112K
  class space    used 7700K, capacity 8119K, committed 8240K, reserved 1048576K
Event: 9983.855 GC heap after
Heap after GC invocations=4375 (full 129):
 PSYoungGen      total 2328576K, used 236340K [0x0000000716400000, 0x00000007c0000000, 0x00000007c0000000)
  eden space 1896448K, 0% used [0x0000000716400000,0x0000000716400000,0x000000078a000000)
  from space 432128K, 54% used [0x00000007a5a00000,0x00000007b40cd298,0x00000007c0000000)
  to   space 442368K, 0% used [0x000000078a000000,0x000000078a000000,0x00000007a5000000)
 ParOldGen       total 5562368K, used 3001990K [0x00000005c2c00000, 0x0000000716400000, 0x0000000716400000)
  object space 5562368K, 53% used [0x00000005c2c00000,0x0000000679fa1ad8,0x0000000716400000)
 Metaspace       used 70588K, capacity 72320K, committed 72496K, reserved 1114112K
  class space    used 7700K, capacity 8119K, committed 8240K, reserved 1048576K
}
Event: 9986.840 GC heap before
{Heap before GC invocations=4376 (full 129):
 PSYoungGen      total 2328576K, used 2132788K [0x0000000716400000, 0x00000007c0000000, 0x00000007c0000000)
  eden space 1896448K, 100% used [0x0000000716400000,0x000000078a000000,0x000000078a000000)
  from space 432128K, 54% used [0x00000007a5a00000,0x00000007b40cd298,0x00000007c0000000)
  to   space 442368K, 0% used [0x000000078a000000,0x000000078a000000,0x00000007a5000000)
 ParOldGen       total 5562368K, used 3001990K [0x00000005c2c00000, 0x0000000716400000, 0x0000000716400000)
  object space 5562368K, 53% used [0x00000005c2c00000,0x0000000679fa1ad8,0x0000000716400000)
 Metaspace       used 70588K, capacity 72320K, committed 72496K, reserved 1114112K
  class space    used 7700K, capacity 8119K, committed 8240K, reserved 1048576K
Event: 9986.948 GC heap after
Heap after GC invocations=4376 (full 129):
 PSYoungGen      total 2145280K, used 248827K [0x0000000716400000, 0x00000007c0000000, 0x00000007c0000000)
  eden space 1896448K, 0% used [0x0000000716400000,0x0000000716400000,0x000000078a000000)
  from space 248832K, 99% used [0x000000078a000000,0x00000007992fec10,0x0000000799300000)
  to   space 453120K, 0% used [0x00000007a4580000,0x00000007a4580000,0x00000007c0000000)
 ParOldGen       total 5562368K, used 3208138K [0x00000005c2c00000, 0x0000000716400000, 0x0000000716400000)
  object space 5562368K, 57% used [0x00000005c2c00000,0x00000006868f2898,0x0000000716400000)
 Metaspace       used 70588K, capacity 72320K, committed 72496K, reserved 1114112K
  class space    used 7700K, capacity 8119K, committed 8240K, reserved 1048576K
}
Event: 9990.108 GC heap before
{Heap before GC invocations=4377 (full 129):
 PSYoungGen      total 2145280K, used 2145275K [0x0000000716400000, 0x00000007c0000000, 0x00000007c0000000)
  eden space 1896448K, 100% used [0x0000000716400000,0x000000078a000000,0x000000078a000000)
  from space 248832K, 99% used [0x000000078a000000,0x00000007992fec10,0x0000000799300000)
  to   space 453120K, 0% used [0x00000007a4580000,0x00000007a4580000,0x00000007c0000000)
 ParOldGen       total 5562368K, used 3208138K [0x00000005c2c00000, 0x0000000716400000, 0x0000000716400000)
  object space 5562368K, 57% used [0x00000005c2c00000,0x00000006868f2898,0x0000000716400000)
 Metaspace       used 70588K, capacity 72320K, committed 72496K, reserved 1114112K
  class space    used 7700K, capacity 8119K, committed 8240K, reserved 1048576K
Event: 9990.215 GC heap after
Heap after GC invocations=4377 (full 129):
 PSYoungGen      total 2336256K, used 207934K [0x0000000716400000, 0x00000007c0000000, 0x00000007c0000000)
  eden space 1883136K, 0% used [0x0000000716400000,0x0000000716400000,0x0000000789300000)
  from space 453120K, 45% used [0x00000007a4580000,0x00000007b108f9f8,0x00000007c0000000)
  to   space 444928K, 0% used [0x0000000789300000,0x0000000789300000,0x00000007a4580000)
 ParOldGen       total 5562368K, used 3420971K [0x00000005c2c00000, 0x0000000716400000, 0x0000000716400000)
  object space 5562368K, 61% used [0x00000005c2c00000,0x00000006938cac38,0x0000000716400000)
 Metaspace       used 70588K, capacity 72320K, committed 72496K, reserved 1114112K
  class space    used 7700K, capacity 8119K, committed 8240K, reserved 1048576K
}

